<?xml version="1.0" encoding="UTF-8"?>
<!-- Generated by org.testng.reporters.JUnitReportReporter -->
<testsuite hostname="DESKTOP-IIMQB4J" failures="0" tests="1" name="testcases.LoginTest" time="16.822" errors="0" timestamp="18 Mar 2022 13:48:35 GMT">
  <testcase classname="testcases.LoginTest" name="login" time="16.822"/>
</testsuite> <!-- testcases.LoginTest -->
